<?xml version="1.0" encoding="UTF-8"?>
<!-- Generated by org.testng.reporters.JUnitXMLReporter -->
<testsuite hostname="ITEM-s72590" ignored="0" name="Test" tests="1" failures="1" timestamp="2021-10-16T23:21:51 IST" time="0.03" errors="0">
  <testcase name="Spain" time="0.0" classname="org.provide.spain.ProvideSpain">
    <failure type="org.testng.TestNGException" message="
Parameter &amp;apos;Name&amp;apos; is required by @Test on method Spain but has not been marked @Optional or defined
in D:\Selenium\selenium-automation\provide\spain.xml">
      <![CDATA[org.testng.TestNGException: 
Parameter 'Name' is required by @Test on method Spain but has not been marked @Optional or defined
in D:\Selenium\selenium-automation\provide\spain.xml
at java.util.ArrayList.forEach(ArrayList.java:1249)
... Removed 26 stack frames]]>
    </failure>
  </testcase> <!-- Spain -->
</testsuite> <!-- Test -->
